{"name": "test_orangehrm_login_positive", "status": "broken", "statusDetails": {"message": "selenium.common.exceptions.NoSuchElementException: Message: no such element: Unable to locate element: {\"method\":\"xpath\",\"selector\":\"//h6[@class='oxd-text oxd-text--h6 oxd-topbar-header-breadcrumb-module']\"}\n  (Session info: chrome=141.0.7390.67); For documentation on this error, please visit: https://www.selenium.dev/documentation/webdriver/troubleshooting/errors#nosuchelementexception\nStacktrace:\n\tGetHandleVerifier [0x0x7ff7fdc8e955+80021]\n\tGetHandleVerifier [0x0x7ff7fdc8e9b0+80112]\n\t(No symbol) [0x0x7ff7fda1060f]\n\t(No symbol) [0x0x7ff7fda68854]\n\t(No symbol) [0x0x7ff7fda68b1c]\n\t(No symbol) [0x0x7ff7fdabc927]\n\t(No symbol) [0x0x7ff7fda9126f]\n\t(No symbol) [0x0x7ff7fdab968a]\n\t(No symbol) [0x0x7ff7fda91003]\n\t(No symbol) [0x0x7ff7fda595d1]\n\t(No symbol) [0x0x7ff7fda5a3f3]\n\tGetHandleVerifier [0x0x7ff7fdf4dd0d+2960461]\n\tGetHandleVerifier [0x0x7ff7fdf47fca+2936586]\n\tGetHandleVerifier [0x0x7ff7fdf68a07+3070279]\n\tGetHandleVerifier [0x0x7ff7fdca843e+185214]\n\tGetHandleVerifier [0x0x7ff7fdcafe8f+216527]\n\tGetHandleVerifier [0x0x7ff7fdc97b94+117460]\n\tGetHandleVerifier [0x0x7ff7fdc97d4f+117903]\n\tGetHandleVerifier [0x0x7ff7fdc7dc28+11112]\n\tBaseThreadInitThunk [0x0x7ffc7fffe8d7+23]\n\tRtlUserThreadStart [0x0x7ffc80a6c53c+44]", "trace": "setup = <selenium.webdriver.chrome.webdriver.WebDriver (session=\"5f53d2f53dff968e1f06cadadc1772ba\")>\n\n    @allure.epic(\"OrangeHRM Login test\")\n    @allure.feature(\"TC#0- OrangeHRM Login test- Positive\")\n    @pytest.mark.positive\n    def test_orangehrm_login_positive(setup):\n        login_page = LoginPage(driver=setup)\n        login_page.login_to_hrm(usr=\"Admin\",pwd=\"admin123\")\n        dashboard_page = DashboardPage(driver=setup)\n>       dash_text = dashboard_page.get_dash_text()\n                    ^^^^^^^^^^^^^^^^^^^^^^^^^^^^^^\n\ntests\\test\\test_orange_hrm_login.py:26: \n_ _ _ _ _ _ _ _ _ _ _ _ _ _ _ _ _ _ _ _ _ _ _ _ _ _ _ _ _ _ _ _ _ _ _ _ _ _ _ _ _ _ _ _ _ _ _ _ _ _ _ _ _ _ _ _ _ _ _ _ _ _ _ _ _ _ _ _ _ _ _ _ _ _\ntests\\pageObjects\\pom\\dashboardPage.py:17: in get_dash_text\n    return self.get_dash().text\n           ^^^^^^^^^^^^^^^\ntests\\pageObjects\\pom\\dashboardPage.py:12: in get_dash\n    return self.driver.find_element(*DashboardPage.dash)\n           ^^^^^^^^^^^^^^^^^^^^^^^^^^^^^^^^^^^^^^^^^^^^^\n.venv\\Lib\\site-packages\\selenium\\webdriver\\remote\\webdriver.py:926: in find_element\n    return self.execute(Command.FIND_ELEMENT, {\"using\": by, \"value\": value})[\"value\"]\n           ^^^^^^^^^^^^^^^^^^^^^^^^^^^^^^^^^^^^^^^^^^^^^^^^^^^^^^^^^^^^^^^^^\n.venv\\Lib\\site-packages\\selenium\\webdriver\\remote\\webdriver.py:458: in execute\n    self.error_handler.check_response(response)\n_ _ _ _ _ _ _ _ _ _ _ _ _ _ _ _ _ _ _ _ _ _ _ _ _ _ _ _ _ _ _ _ _ _ _ _ _ _ _ _ _ _ _ _ _ _ _ _ _ _ _ _ _ _ _ _ _ _ _ _ _ _ _ _ _ _ _ _ _ _ _ _ _ _\n\nself = <selenium.webdriver.remote.errorhandler.ErrorHandler object at 0x000002272AC98EC0>\nresponse = {'status': 404, 'value': '{\"value\":{\"error\":\"no such element\",\"message\":\"no such element: Unable to locate element: {\\...ff7fdc7dc28+11112]\\\\n\\\\tBaseThreadInitThunk [0x0x7ffc7fffe8d7+23]\\\\n\\\\tRtlUserThreadStart [0x0x7ffc80a6c53c+44]\\\\n\"}}'}\n\n    def check_response(self, response: dict[str, Any]) -> None:\n        \"\"\"Checks that a JSON response from the WebDriver does not have an\n        error.\n    \n        :Args:\n         - response - The JSON response from the WebDriver server as a dictionary\n           object.\n    \n        :Raises: If the response contains an error message.\n        \"\"\"\n        status = response.get(\"status\", None)\n        if not status or status == ErrorCode.SUCCESS:\n            return\n        value = None\n        message = response.get(\"message\", \"\")\n        screen: str = response.get(\"screen\", \"\")\n        stacktrace = None\n        if isinstance(status, int):\n            value_json = response.get(\"value\", None)\n            if value_json and isinstance(value_json, str):\n                try:\n                    value = json.loads(value_json)\n                    if isinstance(value, dict):\n                        if len(value) == 1:\n                            value = value[\"value\"]\n                        status = value.get(\"error\", None)\n                        if not status:\n                            status = value.get(\"status\", ErrorCode.UNKNOWN_ERROR)\n                            message = value.get(\"value\") or value.get(\"message\")\n                            if not isinstance(message, str):\n                                value = message\n                                message = message.get(\"message\") if isinstance(message, dict) else None\n                        else:\n                            message = value.get(\"message\", None)\n                except ValueError:\n                    pass\n    \n        exception_class: type[WebDriverException]\n        e = ErrorCode()\n        error_codes = [item for item in dir(e) if not item.startswith(\"__\")]\n        for error_code in error_codes:\n            error_info = getattr(ErrorCode, error_code)\n            if isinstance(error_info, list) and status in error_info:\n                exception_class = getattr(ExceptionMapping, error_code, WebDriverException)\n                break\n        else:\n            exception_class = WebDriverException\n    \n        if not value:\n            value = response[\"value\"]\n        if isinstance(value, str):\n            raise exception_class(value)\n        if message == \"\" and \"message\" in value:\n            message = value[\"message\"]\n    \n        screen = None  # type: ignore[assignment]\n        if \"screen\" in value:\n            screen = value[\"screen\"]\n    \n        stacktrace = None\n        st_value = value.get(\"stackTrace\") or value.get(\"stacktrace\")\n        if st_value:\n            if isinstance(st_value, str):\n                stacktrace = st_value.split(\"\\n\")\n            else:\n                stacktrace = []\n                try:\n                    for frame in st_value:\n                        line = frame.get(\"lineNumber\", \"\")\n                        file = frame.get(\"fileName\", \"<anonymous>\")\n                        if line:\n                            file = f\"{file}:{line}\"\n                        meth = frame.get(\"methodName\", \"<anonymous>\")\n                        if \"className\" in frame:\n                            meth = f\"{frame['className']}.{meth}\"\n                        msg = \"    at %s (%s)\"\n                        msg = msg % (meth, file)\n                        stacktrace.append(msg)\n                except TypeError:\n                    pass\n        if exception_class == UnexpectedAlertPresentException:\n            alert_text = None\n            if \"data\" in value:\n                alert_text = value[\"data\"].get(\"text\")\n            elif \"alert\" in value:\n                alert_text = value[\"alert\"].get(\"text\")\n            raise exception_class(message, screen, stacktrace, alert_text)  # type: ignore[call-arg]  # mypy is not smart enough here\n>       raise exception_class(message, screen, stacktrace)\nE       selenium.common.exceptions.NoSuchElementException: Message: no such element: Unable to locate element: {\"method\":\"xpath\",\"selector\":\"//h6[@class='oxd-text oxd-text--h6 oxd-topbar-header-breadcrumb-module']\"}\nE         (Session info: chrome=141.0.7390.67); For documentation on this error, please visit: https://www.selenium.dev/documentation/webdriver/troubleshooting/errors#nosuchelementexception\nE       Stacktrace:\nE       \tGetHandleVerifier [0x0x7ff7fdc8e955+80021]\nE       \tGetHandleVerifier [0x0x7ff7fdc8e9b0+80112]\nE       \t(No symbol) [0x0x7ff7fda1060f]\nE       \t(No symbol) [0x0x7ff7fda68854]\nE       \t(No symbol) [0x0x7ff7fda68b1c]\nE       \t(No symbol) [0x0x7ff7fdabc927]\nE       \t(No symbol) [0x0x7ff7fda9126f]\nE       \t(No symbol) [0x0x7ff7fdab968a]\nE       \t(No symbol) [0x0x7ff7fda91003]\nE       \t(No symbol) [0x0x7ff7fda595d1]\nE       \t(No symbol) [0x0x7ff7fda5a3f3]\nE       \tGetHandleVerifier [0x0x7ff7fdf4dd0d+2960461]\nE       \tGetHandleVerifier [0x0x7ff7fdf47fca+2936586]\nE       \tGetHandleVerifier [0x0x7ff7fdf68a07+3070279]\nE       \tGetHandleVerifier [0x0x7ff7fdca843e+185214]\nE       \tGetHandleVerifier [0x0x7ff7fdcafe8f+216527]\nE       \tGetHandleVerifier [0x0x7ff7fdc97b94+117460]\nE       \tGetHandleVerifier [0x0x7ff7fdc97d4f+117903]\nE       \tGetHandleVerifier [0x0x7ff7fdc7dc28+11112]\nE       \tBaseThreadInitThunk [0x0x7ffc7fffe8d7+23]\nE       \tRtlUserThreadStart [0x0x7ffc80a6c53c+44]\n\n.venv\\Lib\\site-packages\\selenium\\webdriver\\remote\\errorhandler.py:232: NoSuchElementException"}, "start": 1760454496291, "stop": 1760454496324, "uuid": "6933b510-c06a-4514-b401-1574a221c21f", "historyId": "cacb4c1f1a6e77267a3607a271728bd8", "testCaseId": "cacb4c1f1a6e77267a3607a271728bd8", "fullName": "tests.test.test_orange_hrm_login#test_orangehrm_login_positive", "labels": [{"name": "epic", "value": "OrangeHRM Login test"}, {"name": "feature", "value": "TC#0- OrangeHRM Login test- Positive"}, {"name": "tag", "value": "positive"}, {"name": "parentSuite", "value": "tests.test"}, {"name": "suite", "value": "test_orange_hrm_login"}, {"name": "host", "value": "Abhijeet-PC"}, {"name": "thread", "value": "10984-MainThread"}, {"name": "framework", "value": "pytest"}, {"name": "language", "value": "cpython3"}, {"name": "package", "value": "tests.test.test_orange_hrm_login"}], "titlePath": ["tests", "test", "test_orange_hrm_login.py"]}