{"name": "test_orangehrm_login_positive", "status": "broken", "statusDetails": {"message": "selenium.common.exceptions.TimeoutException: Message: \nStacktrace:\n\tGetHandleVerifier [0x0x7ff7856fe955+80021]\n\tGetHandleVerifier [0x0x7ff7856fe9b0+80112]\n\t(No symbol) [0x0x7ff78548060f]\n\t(No symbol) [0x0x7ff7854d8854]\n\t(No symbol) [0x0x7ff7854d8b1c]\n\t(No symbol) [0x0x7ff78552c927]\n\t(No symbol) [0x0x7ff78550126f]\n\t(No symbol) [0x0x7ff78552968a]\n\t(No symbol) [0x0x7ff785501003]\n\t(No symbol) [0x0x7ff7854c95d1]\n\t(No symbol) [0x0x7ff7854ca3f3]\n\tGetHandleVerifier [0x0x7ff7859bdd0d+2960461]\n\tGetHandleVerifier [0x0x7ff7859b7fca+2936586]\n\tGetHandleVerifier [0x0x7ff7859d8a07+3070279]\n\tGetHandleVerifier [0x0x7ff78571843e+185214]\n\tGetHandleVerifier [0x0x7ff78571fe8f+216527]\n\tGetHandleVerifier [0x0x7ff785707b94+117460]\n\tGetHandleVerifier [0x0x7ff785707d4f+117903]\n\tGetHandleVerifier [0x0x7ff7856edc28+11112]\n\tBaseThreadInitThunk [0x0x7ffc7fffe8d7+23]\n\tRtlUserThreadStart [0x0x7ffc80a6c53c+44]", "trace": "setup = <selenium.webdriver.chrome.webdriver.WebDriver (session=\"5bb256e4b6d33b2baabc87b431a3b1e8\")>\n\n    @allure.epic(\"OrangeHRM Login test\")\n    @allure.feature(\"TC#0- OrangeHRM Login test- Positive\")\n    @pytest.mark.positive\n    def test_orangehrm_login_positive(setup):\n        login_page = LoginPage(driver=setup)\n        login_page.login_to_hrm(usr=\"Admin\",pwd=\"admin123\")\n        dashboard_page = DashboardPage(driver=setup)\n>       dash_text = dashboard_page.get_dash_text()\n                    ^^^^^^^^^^^^^^^^^^^^^^^^^^^^^^\n\ntests\\test\\test_orange_hrm_login.py:30: \n_ _ _ _ _ _ _ _ _ _ _ _ _ _ _ _ _ _ _ _ _ _ _ _ _ _ _ _ _ _ _ _ _ _ _ _ _ _ _ _\ntests\\pageObjects\\pom\\dashboardPage.py:18: in get_dash_text\n    webdriver_wait(driver=self.driver, element_tuple=self.dash, timeout=10)\ntests\\utils\\common_utils.py:15: in webdriver_wait\n    WebDriverWait(driver=driver,timeout=timeout).until(\n_ _ _ _ _ _ _ _ _ _ _ _ _ _ _ _ _ _ _ _ _ _ _ _ _ _ _ _ _ _ _ _ _ _ _ _ _ _ _ _\n\nself = <selenium.webdriver.support.wait.WebDriverWait (session=\"5bb256e4b6d33b2baabc87b431a3b1e8\")>\nmethod = <function visibility_of_element_located.<locals>._predicate at 0x00000232D40B7880>\nmessage = ''\n\n    def until(self, method: Callable[[D], Union[Literal[False], T]], message: str = \"\") -> T:\n        \"\"\"Wait until the method returns a value that is not False.\n    \n        Calls the method provided with the driver as an argument until the\n        return value does not evaluate to ``False``.\n    \n        Parameters:\n        -----------\n        method: callable(WebDriver)\n            - A callable object that takes a WebDriver instance as an argument.\n    \n        message: str\n            - Optional message for :exc:`TimeoutException`\n    \n        Return:\n        -------\n        object: T\n            - The result of the last call to `method`\n    \n        Raises:\n        -------\n        TimeoutException\n            - If 'method' does not return a truthy value within the WebDriverWait\n            object's timeout\n    \n        Example:\n        --------\n        >>> from selenium.webdriver.common.by import By\n        >>> from selenium.webdriver.support.ui import WebDriverWait\n        >>> from selenium.webdriver.support import expected_conditions as EC\n    \n        # Wait until an element is visible on the page\n        >>> wait = WebDriverWait(driver, 10)\n        >>> element = wait.until(EC.visibility_of_element_located((By.ID, \"exampleId\")))\n        >>> print(element.text)\n        \"\"\"\n        screen = None\n        stacktrace = None\n    \n        end_time = time.monotonic() + self._timeout\n        while True:\n            try:\n                value = method(self._driver)\n                if value:\n                    return value\n            except self._ignored_exceptions as exc:\n                screen = getattr(exc, \"screen\", None)\n                stacktrace = getattr(exc, \"stacktrace\", None)\n            if time.monotonic() > end_time:\n                break\n            time.sleep(self._poll)\n>       raise TimeoutException(message, screen, stacktrace)\nE       selenium.common.exceptions.TimeoutException: Message: \nE       Stacktrace:\nE       \tGetHandleVerifier [0x0x7ff7856fe955+80021]\nE       \tGetHandleVerifier [0x0x7ff7856fe9b0+80112]\nE       \t(No symbol) [0x0x7ff78548060f]\nE       \t(No symbol) [0x0x7ff7854d8854]\nE       \t(No symbol) [0x0x7ff7854d8b1c]\nE       \t(No symbol) [0x0x7ff78552c927]\nE       \t(No symbol) [0x0x7ff78550126f]\nE       \t(No symbol) [0x0x7ff78552968a]\nE       \t(No symbol) [0x0x7ff785501003]\nE       \t(No symbol) [0x0x7ff7854c95d1]\nE       \t(No symbol) [0x0x7ff7854ca3f3]\nE       \tGetHandleVerifier [0x0x7ff7859bdd0d+2960461]\nE       \tGetHandleVerifier [0x0x7ff7859b7fca+2936586]\nE       \tGetHandleVerifier [0x0x7ff7859d8a07+3070279]\nE       \tGetHandleVerifier [0x0x7ff78571843e+185214]\nE       \tGetHandleVerifier [0x0x7ff78571fe8f+216527]\nE       \tGetHandleVerifier [0x0x7ff785707b94+117460]\nE       \tGetHandleVerifier [0x0x7ff785707d4f+117903]\nE       \tGetHandleVerifier [0x0x7ff7856edc28+11112]\nE       \tBaseThreadInitThunk [0x0x7ffc7fffe8d7+23]\nE       \tRtlUserThreadStart [0x0x7ffc80a6c53c+44]\n\n.venv\\Lib\\site-packages\\selenium\\webdriver\\support\\wait.py:138: TimeoutException"}, "attachments": [{"name": "stdout", "source": "aa257134-0b9b-4692-b0cb-9dde9a9d8df1-attachment.txt", "type": "text/plain"}], "start": 1760463345774, "stop": 1760463372412, "uuid": "a16dc4fb-e029-447a-8048-f0c8a6ddaaf9", "historyId": "cacb4c1f1a6e77267a3607a271728bd8", "testCaseId": "cacb4c1f1a6e77267a3607a271728bd8", "fullName": "tests.test.test_orange_hrm_login#test_orangehrm_login_positive", "labels": [{"name": "feature", "value": "TC#0- OrangeHRM Login test- Positive"}, {"name": "epic", "value": "OrangeHRM Login test"}, {"name": "tag", "value": "positive"}, {"name": "parentSuite", "value": "tests.test"}, {"name": "suite", "value": "test_orange_hrm_login"}, {"name": "host", "value": "Abhijeet-PC"}, {"name": "thread", "value": "16280-MainThread"}, {"name": "framework", "value": "pytest"}, {"name": "language", "value": "cpython3"}, {"name": "package", "value": "tests.test.test_orange_hrm_login"}], "titlePath": ["tests", "test", "test_orange_hrm_login.py"]}