{"name": "test_logout_hrm", "status": "broken", "statusDetails": {"message": "selenium.common.exceptions.TimeoutException: Message: \nStacktrace:\n\tGetHandleVerifier [0x0x7ff6362ee9e5+80021]\n\tGetHandleVerifier [0x0x7ff6362eea40+80112]\n\t(No symbol) [0x0x7ff63607060f]\n\t(No symbol) [0x0x7ff6360c8854]\n\t(No symbol) [0x0x7ff6360c8b1c]\n\t(No symbol) [0x0x7ff63611c927]\n\t(No symbol) [0x0x7ff6360f126f]\n\t(No symbol) [0x0x7ff63611968a]\n\t(No symbol) [0x0x7ff6360f1003]\n\t(No symbol) [0x0x7ff6360b95d1]\n\t(No symbol) [0x0x7ff6360ba3f3]\n\tGetHandleVerifier [0x0x7ff6365add8d+2960445]\n\tGetHandleVerifier [0x0x7ff6365a804a+2936570]\n\tGetHandleVerifier [0x0x7ff6365c8a87+3070263]\n\tGetHandleVerifier [0x0x7ff6363084ce+185214]\n\tGetHandleVerifier [0x0x7ff63630ff1f+216527]\n\tGetHandleVerifier [0x0x7ff6362f7c24+117460]\n\tGetHandleVerifier [0x0x7ff6362f7ddf+117903]\n\tGetHandleVerifier [0x0x7ff6362ddcb8+11112]\n\tBaseThreadInitThunk [0x0x7ffc7fffe8d7+23]\n\tRtlUserThreadStart [0x0x7ffc80a6c53c+44]", "trace": "setup = <selenium.webdriver.chrome.webdriver.WebDriver (session=\"87235e35863297e24dc03a6b639486d4\")>\n\n    @allure.epic(\"OrangeHRM Logout test\")\n    @allure.feature(\"TC#7- OrangeHRM Login test- Positive\")\n    @pytest.mark.positive\n    def test_logout_hrm(setup):\n        driver = setup\n        login_page = LoginPage(driver=driver)\n        login_page.login_to_hrm(usr=\"Admin\",pwd=\"admin123\")\n        dashboard_page = DashboardPage(driver=driver)\n>       profile = dashboard_page.get_user_profile()\n                  ^^^^^^^^^^^^^^^^^^^^^^^^^^^^^^^^^\n\ntests\\test\\test_orange_hrm_login.py:88: \n_ _ _ _ _ _ _ _ _ _ _ _ _ _ _ _ _ _ _ _ _ _ _ _ _ _ _ _ _ _ _ _ _ _ _ _ _ _ _ _\ntests\\pageObjects\\pom\\dashboardPage.py:18: in get_user_profile\n    webdriver_wait(driver = self.driver, element_tuple=self.user_profile,timeout=5)\ntests\\utils\\common_utils.py:15: in webdriver_wait\n    WebDriverWait(driver=driver,timeout=timeout).until(\n_ _ _ _ _ _ _ _ _ _ _ _ _ _ _ _ _ _ _ _ _ _ _ _ _ _ _ _ _ _ _ _ _ _ _ _ _ _ _ _\n\nself = <selenium.webdriver.support.wait.WebDriverWait (session=\"87235e35863297e24dc03a6b639486d4\")>\nmethod = <function visibility_of_element_located.<locals>._predicate at 0x0000020EAC5F7A60>\nmessage = ''\n\n    def until(self, method: Callable[[D], Union[Literal[False], T]], message: str = \"\") -> T:\n        \"\"\"Wait until the method returns a value that is not False.\n    \n        Calls the method provided with the driver as an argument until the\n        return value does not evaluate to ``False``.\n    \n        Parameters:\n        -----------\n        method: callable(WebDriver)\n            - A callable object that takes a WebDriver instance as an argument.\n    \n        message: str\n            - Optional message for :exc:`TimeoutException`\n    \n        Return:\n        -------\n        object: T\n            - The result of the last call to `method`\n    \n        Raises:\n        -------\n        TimeoutException\n            - If 'method' does not return a truthy value within the WebDriverWait\n            object's timeout\n    \n        Example:\n        --------\n        >>> from selenium.webdriver.common.by import By\n        >>> from selenium.webdriver.support.ui import WebDriverWait\n        >>> from selenium.webdriver.support import expected_conditions as EC\n    \n        # Wait until an element is visible on the page\n        >>> wait = WebDriverWait(driver, 10)\n        >>> element = wait.until(EC.visibility_of_element_located((By.ID, \"exampleId\")))\n        >>> print(element.text)\n        \"\"\"\n        screen = None\n        stacktrace = None\n    \n        end_time = time.monotonic() + self._timeout\n        while True:\n            try:\n                value = method(self._driver)\n                if value:\n                    return value\n            except self._ignored_exceptions as exc:\n                screen = getattr(exc, \"screen\", None)\n                stacktrace = getattr(exc, \"stacktrace\", None)\n            if time.monotonic() > end_time:\n                break\n            time.sleep(self._poll)\n>       raise TimeoutException(message, screen, stacktrace)\nE       selenium.common.exceptions.TimeoutException: Message: \nE       Stacktrace:\nE       \tGetHandleVerifier [0x0x7ff6362ee9e5+80021]\nE       \tGetHandleVerifier [0x0x7ff6362eea40+80112]\nE       \t(No symbol) [0x0x7ff63607060f]\nE       \t(No symbol) [0x0x7ff6360c8854]\nE       \t(No symbol) [0x0x7ff6360c8b1c]\nE       \t(No symbol) [0x0x7ff63611c927]\nE       \t(No symbol) [0x0x7ff6360f126f]\nE       \t(No symbol) [0x0x7ff63611968a]\nE       \t(No symbol) [0x0x7ff6360f1003]\nE       \t(No symbol) [0x0x7ff6360b95d1]\nE       \t(No symbol) [0x0x7ff6360ba3f3]\nE       \tGetHandleVerifier [0x0x7ff6365add8d+2960445]\nE       \tGetHandleVerifier [0x0x7ff6365a804a+2936570]\nE       \tGetHandleVerifier [0x0x7ff6365c8a87+3070263]\nE       \tGetHandleVerifier [0x0x7ff6363084ce+185214]\nE       \tGetHandleVerifier [0x0x7ff63630ff1f+216527]\nE       \tGetHandleVerifier [0x0x7ff6362f7c24+117460]\nE       \tGetHandleVerifier [0x0x7ff6362f7ddf+117903]\nE       \tGetHandleVerifier [0x0x7ff6362ddcb8+11112]\nE       \tBaseThreadInitThunk [0x0x7ffc7fffe8d7+23]\nE       \tRtlUserThreadStart [0x0x7ffc80a6c53c+44]\n\n.venv\\Lib\\site-packages\\selenium\\webdriver\\support\\wait.py:138: TimeoutException"}, "start": 1760534120921, "stop": 1760534131099, "uuid": "dbcb1e17-7455-44f6-887a-a53fc690e054", "historyId": "e438bdf83bfab05e1388ace23a3eff3a", "testCaseId": "e438bdf83bfab05e1388ace23a3eff3a", "fullName": "tests.test.test_orange_hrm_login#test_logout_hrm", "labels": [{"name": "feature", "value": "TC#7- OrangeHRM Login test- Positive"}, {"name": "epic", "value": "OrangeHRM Logout test"}, {"name": "tag", "value": "positive"}, {"name": "parentSuite", "value": "tests.test"}, {"name": "suite", "value": "test_orange_hrm_login"}, {"name": "host", "value": "Abhijeet-PC"}, {"name": "thread", "value": "8080-MainThread"}, {"name": "framework", "value": "pytest"}, {"name": "language", "value": "cpython3"}, {"name": "package", "value": "tests.test.test_orange_hrm_login"}], "titlePath": ["tests", "test", "test_orange_hrm_login.py"]}