{"name": "test_orangehrm_login_positive", "status": "broken", "statusDetails": {"message": "selenium.common.exceptions.TimeoutException: Message:", "trace": "setup = <selenium.webdriver.chrome.webdriver.WebDriver (session=\"7eefe7241669a9e2536ebbea3202151a\")>\n\n    @allure.epic(\"OrangeHRM Login test\")\n    @allure.feature(\"TC#0- OrangeHRM Login test- Positive\")\n    @pytest.mark.positive\n    def test_orangehrm_login_positive(setup):\n        login_page = LoginPage(driver=setup)\n        login_page.login_to_hrm(usr=\"Admin\",pwd=\"admin123\")\n        dashboard_page = DashboardPage(driver=setup)\n        dash_text = dashboard_page.get_dash_text()\n        assert dash_text == \"Dashboard\"\n>       login_page.get_change_url()\n\ntests\\test\\test_orange_hrm_login.py:32: \n_ _ _ _ _ _ _ _ _ _ _ _ _ _ _ _ _ _ _ _ _ _ _ _ _ _ _ _ _ _ _ _ _ _ _ _ _ _ _ _ _ _ _ _ _ _ _ _ _ _ _ _ _ _ _ _ _ _ _ _ _ _ _ _ _ _ _ _ _ _ _ _ _ _\ntests\\pageObjects\\pom\\loginPage.py:62: in get_change_url\n    wedriver_wait_url(driver=self.driver,timeout=5)\ntests\\utils\\common_utils.py:19: in wedriver_wait_url\n    WebDriverWait(driver = driver, timeout = timeout).until(\n_ _ _ _ _ _ _ _ _ _ _ _ _ _ _ _ _ _ _ _ _ _ _ _ _ _ _ _ _ _ _ _ _ _ _ _ _ _ _ _ _ _ _ _ _ _ _ _ _ _ _ _ _ _ _ _ _ _ _ _ _ _ _ _ _ _ _ _ _ _ _ _ _ _\n\nself = <selenium.webdriver.support.wait.WebDriverWait (session=\"7eefe7241669a9e2536ebbea3202151a\")>\nmethod = <function url_changes.<locals>._predicate at 0x0000015D42883240>, message = ''\n\n    def until(self, method: Callable[[D], Union[Literal[False], T]], message: str = \"\") -> T:\n        \"\"\"Wait until the method returns a value that is not False.\n    \n        Calls the method provided with the driver as an argument until the\n        return value does not evaluate to ``False``.\n    \n        Parameters:\n        -----------\n        method: callable(WebDriver)\n            - A callable object that takes a WebDriver instance as an argument.\n    \n        message: str\n            - Optional message for :exc:`TimeoutException`\n    \n        Return:\n        -------\n        object: T\n            - The result of the last call to `method`\n    \n        Raises:\n        -------\n        TimeoutException\n            - If 'method' does not return a truthy value within the WebDriverWait\n            object's timeout\n    \n        Example:\n        --------\n        >>> from selenium.webdriver.common.by import By\n        >>> from selenium.webdriver.support.ui import WebDriverWait\n        >>> from selenium.webdriver.support import expected_conditions as EC\n    \n        # Wait until an element is visible on the page\n        >>> wait = WebDriverWait(driver, 10)\n        >>> element = wait.until(EC.visibility_of_element_located((By.ID, \"exampleId\")))\n        >>> print(element.text)\n        \"\"\"\n        screen = None\n        stacktrace = None\n    \n        end_time = time.monotonic() + self._timeout\n        while True:\n            try:\n                value = method(self._driver)\n                if value:\n                    return value\n            except self._ignored_exceptions as exc:\n                screen = getattr(exc, \"screen\", None)\n                stacktrace = getattr(exc, \"stacktrace\", None)\n            if time.monotonic() > end_time:\n                break\n            time.sleep(self._poll)\n>       raise TimeoutException(message, screen, stacktrace)\nE       selenium.common.exceptions.TimeoutException: Message:\n\n.venv\\Lib\\site-packages\\selenium\\webdriver\\support\\wait.py:138: TimeoutException"}, "start": 1760456577710, "stop": 1760456585979, "uuid": "a99da341-b2c2-4315-a93a-11a142324647", "historyId": "cacb4c1f1a6e77267a3607a271728bd8", "testCaseId": "cacb4c1f1a6e77267a3607a271728bd8", "fullName": "tests.test.test_orange_hrm_login#test_orangehrm_login_positive", "labels": [{"name": "epic", "value": "OrangeHRM Login test"}, {"name": "feature", "value": "TC#0- OrangeHRM Login test- Positive"}, {"name": "tag", "value": "positive"}, {"name": "parentSuite", "value": "tests.test"}, {"name": "suite", "value": "test_orange_hrm_login"}, {"name": "host", "value": "Abhijeet-PC"}, {"name": "thread", "value": "11508-MainThread"}, {"name": "framework", "value": "pytest"}, {"name": "language", "value": "cpython3"}, {"name": "package", "value": "tests.test.test_orange_hrm_login"}], "titlePath": ["tests", "test", "test_orange_hrm_login.py"]}